<?xml version="1.0" encoding="UTF-8"?>
<testsuite name="petmily.domain.posts.PostsRepositoryTest" tests="1" skipped="0" failures="0" errors="0" timestamp="2022-04-02T15:41:25" hostname="jooky.local" time="0.394">
  <properties/>
  <testcase name="게시글저장_불러오기" classname="petmily.domain.posts.PostsRepositoryTest" time="0.394"/>
  <system-out><![CDATA[00:41:18.657 [Test worker] DEBUG org.springframework.test.context.junit4.SpringJUnit4ClassRunner - SpringJUnit4ClassRunner constructor called with [class petmily.domain.posts.PostsRepositoryTest]
00:41:18.673 [Test worker] DEBUG org.springframework.test.context.BootstrapUtils - Instantiating CacheAwareContextLoaderDelegate from class [org.springframework.test.context.cache.DefaultCacheAwareContextLoaderDelegate]
00:41:18.682 [Test worker] DEBUG org.springframework.test.context.BootstrapUtils - Instantiating BootstrapContext using constructor [public org.springframework.test.context.support.DefaultBootstrapContext(java.lang.Class,org.springframework.test.context.CacheAwareContextLoaderDelegate)]
00:41:18.704 [Test worker] DEBUG org.springframework.test.context.BootstrapUtils - Instantiating TestContextBootstrapper for test class [petmily.domain.posts.PostsRepositoryTest] from class [org.springframework.boot.test.context.SpringBootTestContextBootstrapper]
00:41:18.719 [Test worker] INFO org.springframework.boot.test.context.SpringBootTestContextBootstrapper - Neither @ContextConfiguration nor @ContextHierarchy found for test class [petmily.domain.posts.PostsRepositoryTest], using SpringBootContextLoader
00:41:18.722 [Test worker] DEBUG org.springframework.test.context.support.AbstractContextLoader - Did not detect default resource location for test class [petmily.domain.posts.PostsRepositoryTest]: class path resource [petmily/domain/posts/PostsRepositoryTest-context.xml] does not exist
00:41:18.725 [Test worker] DEBUG org.springframework.test.context.support.AbstractContextLoader - Did not detect default resource location for test class [petmily.domain.posts.PostsRepositoryTest]: class path resource [petmily/domain/posts/PostsRepositoryTestContext.groovy] does not exist
00:41:18.725 [Test worker] INFO org.springframework.test.context.support.AbstractContextLoader - Could not detect default resource locations for test class [petmily.domain.posts.PostsRepositoryTest]: no resource found for suffixes {-context.xml, Context.groovy}.
00:41:18.726 [Test worker] INFO org.springframework.test.context.support.AnnotationConfigContextLoaderUtils - Could not detect default configuration classes for test class [petmily.domain.posts.PostsRepositoryTest]: PostsRepositoryTest does not declare any static, non-private, non-final, nested classes annotated with @Configuration.
00:41:18.788 [Test worker] DEBUG org.springframework.test.context.support.ActiveProfilesUtils - Could not find an 'annotation declaring class' for annotation type [org.springframework.test.context.ActiveProfiles] and class [petmily.domain.posts.PostsRepositoryTest]
00:41:18.881 [Test worker] DEBUG org.springframework.context.annotation.ClassPathScanningCandidateComponentProvider - Identified candidate component class: file [/Users/jookwonyoung/Documents/petmily/petmily-server/build/classes/java/main/petmily/Application.class]
00:41:18.883 [Test worker] INFO org.springframework.boot.test.context.SpringBootTestContextBootstrapper - Found @SpringBootConfiguration petmily.Application for test class petmily.domain.posts.PostsRepositoryTest
00:41:18.997 [Test worker] DEBUG org.springframework.boot.test.context.SpringBootTestContextBootstrapper - @TestExecutionListeners is not present for class [petmily.domain.posts.PostsRepositoryTest]: using defaults.
00:41:18.998 [Test worker] INFO org.springframework.boot.test.context.SpringBootTestContextBootstrapper - Loaded default TestExecutionListener class names from location [META-INF/spring.factories]: [org.springframework.boot.test.autoconfigure.restdocs.RestDocsTestExecutionListener, org.springframework.boot.test.autoconfigure.web.client.MockRestServiceServerResetTestExecutionListener, org.springframework.boot.test.autoconfigure.web.servlet.MockMvcPrintOnlyOnFailureTestExecutionListener, org.springframework.boot.test.autoconfigure.web.servlet.WebDriverTestExecutionListener, org.springframework.boot.test.mock.mockito.MockitoTestExecutionListener, org.springframework.boot.test.mock.mockito.ResetMocksTestExecutionListener, org.springframework.test.context.web.ServletTestExecutionListener, org.springframework.test.context.support.DirtiesContextBeforeModesTestExecutionListener, org.springframework.test.context.support.DependencyInjectionTestExecutionListener, org.springframework.test.context.support.DirtiesContextTestExecutionListener, org.springframework.test.context.transaction.TransactionalTestExecutionListener, org.springframework.test.context.jdbc.SqlScriptsTestExecutionListener]
00:41:19.010 [Test worker] INFO org.springframework.boot.test.context.SpringBootTestContextBootstrapper - Using TestExecutionListeners: [org.springframework.test.context.web.ServletTestExecutionListener@764ca99d, org.springframework.test.context.support.DirtiesContextBeforeModesTestExecutionListener@da58450, org.springframework.boot.test.mock.mockito.MockitoTestExecutionListener@3cf9098a, org.springframework.boot.test.autoconfigure.SpringBootDependencyInjectionTestExecutionListener@c3663a8, org.springframework.test.context.support.DirtiesContextTestExecutionListener@1f2523f2, org.springframework.test.context.transaction.TransactionalTestExecutionListener@3e83a342, org.springframework.test.context.jdbc.SqlScriptsTestExecutionListener@4ac24841, org.springframework.boot.test.autoconfigure.restdocs.RestDocsTestExecutionListener@75565992, org.springframework.boot.test.autoconfigure.web.client.MockRestServiceServerResetTestExecutionListener@435ade79, org.springframework.boot.test.autoconfigure.web.servlet.MockMvcPrintOnlyOnFailureTestExecutionListener@60e0fce3, org.springframework.boot.test.autoconfigure.web.servlet.WebDriverTestExecutionListener@38b830fe, org.springframework.boot.test.mock.mockito.ResetMocksTestExecutionListener@7fe574b2]
00:41:19.021 [Test worker] DEBUG org.springframework.test.annotation.ProfileValueUtils - Retrieved @ProfileValueSourceConfiguration [null] for test class [petmily.domain.posts.PostsRepositoryTest]
00:41:19.023 [Test worker] DEBUG org.springframework.test.annotation.ProfileValueUtils - Retrieved ProfileValueSource type [class org.springframework.test.annotation.SystemProfileValueSource] for class [petmily.domain.posts.PostsRepositoryTest]
00:41:19.030 [Test worker] DEBUG org.springframework.test.annotation.ProfileValueUtils - Retrieved @ProfileValueSourceConfiguration [null] for test class [petmily.domain.posts.PostsRepositoryTest]
00:41:19.031 [Test worker] DEBUG org.springframework.test.annotation.ProfileValueUtils - Retrieved ProfileValueSource type [class org.springframework.test.annotation.SystemProfileValueSource] for class [petmily.domain.posts.PostsRepositoryTest]
00:41:19.035 [Test worker] DEBUG org.springframework.test.annotation.ProfileValueUtils - Retrieved @ProfileValueSourceConfiguration [null] for test class [petmily.domain.posts.PostsRepositoryTest]
00:41:19.035 [Test worker] DEBUG org.springframework.test.annotation.ProfileValueUtils - Retrieved ProfileValueSource type [class org.springframework.test.annotation.SystemProfileValueSource] for class [petmily.domain.posts.PostsRepositoryTest]
00:41:19.039 [Test worker] DEBUG org.springframework.test.context.support.AbstractDirtiesContextTestExecutionListener - Before test class: context [DefaultTestContext@1ea87588 testClass = PostsRepositoryTest, testInstance = [null], testMethod = [null], testException = [null], mergedContextConfiguration = [WebMergedContextConfiguration@27e281dc testClass = PostsRepositoryTest, locations = '{}', classes = '{class petmily.Application}', contextInitializerClasses = '[]', activeProfiles = '{}', propertySourceLocations = '{}', propertySourceProperties = '{org.springframework.boot.test.context.SpringBootTestContextBootstrapper=true}', contextCustomizers = set[org.springframework.boot.test.autoconfigure.properties.PropertyMappingContextCustomizer@0, org.springframework.boot.test.autoconfigure.web.servlet.WebDriverContextCustomizerFactory$Customizer@62badb7, org.springframework.boot.test.context.filter.ExcludeFilterContextCustomizer@7afdea8e, org.springframework.boot.test.json.DuplicateJsonObjectContextCustomizerFactory$DuplicateJsonObjectContextCustomizer@c2d6449, org.springframework.boot.test.mock.mockito.MockitoContextCustomizer@0, org.springframework.boot.test.web.client.TestRestTemplateContextCustomizer@7bd5ba10], resourceBasePath = 'src/main/webapp', contextLoader = 'org.springframework.boot.test.context.SpringBootContextLoader', parent = [null]], attributes = map['org.springframework.test.context.web.ServletTestExecutionListener.activateListener' -> true]], class annotated with @DirtiesContext [false] with mode [null].
00:41:19.040 [Test worker] DEBUG org.springframework.test.annotation.ProfileValueUtils - Retrieved @ProfileValueSourceConfiguration [null] for test class [petmily.domain.posts.PostsRepositoryTest]
00:41:19.040 [Test worker] DEBUG org.springframework.test.annotation.ProfileValueUtils - Retrieved ProfileValueSource type [class org.springframework.test.annotation.SystemProfileValueSource] for class [petmily.domain.posts.PostsRepositoryTest]
00:41:19.065 [Test worker] DEBUG org.springframework.test.context.support.TestPropertySourceUtils - Adding inlined properties to environment: {spring.jmx.enabled=false, org.springframework.boot.test.context.SpringBootTestContextBootstrapper=true, server.port=-1}

  .   ____          _            __ _ _
 /\\ / ___'_ __ _ _(_)_ __  __ _ \ \ \ \
( ( )\___ | '_ | '_| | '_ \/ _` | \ \ \ \
 \\/  ___)| |_)| | | | | || (_| |  ) ) ) )
  '  |____| .__|_| |_|_| |_\__, | / / / /
 =========|_|==============|___/=/_/_/_/
 :: Spring Boot ::        (v2.1.7.RELEASE)

2022-04-03 00:41:19.654  INFO 25255 --- [    Test worker] p.domain.posts.PostsRepositoryTest       : Starting PostsRepositoryTest on jooky.local with PID 25255 (started by jookwonyoung in /Users/jookwonyoung/Documents/petmily/petmily-server)
2022-04-03 00:41:19.656  INFO 25255 --- [    Test worker] p.domain.posts.PostsRepositoryTest       : No active profile set, falling back to default profiles: default
2022-04-03 00:41:20.966  INFO 25255 --- [    Test worker] .s.d.r.c.RepositoryConfigurationDelegate : Bootstrapping Spring Data repositories in DEFAULT mode.
2022-04-03 00:41:21.145  INFO 25255 --- [    Test worker] .s.d.r.c.RepositoryConfigurationDelegate : Finished Spring Data repository scanning in 171ms. Found 3 repository interfaces.
2022-04-03 00:41:21.765  INFO 25255 --- [    Test worker] trationDelegate$BeanPostProcessorChecker : Bean 'org.springframework.transaction.annotation.ProxyTransactionManagementConfiguration' of type [org.springframework.transaction.annotation.ProxyTransactionManagementConfiguration$$EnhancerBySpringCGLIB$$4e805de1] is not eligible for getting processed by all BeanPostProcessors (for example: not eligible for auto-proxying)
2022-04-03 00:41:22.149  INFO 25255 --- [    Test worker] com.zaxxer.hikari.HikariDataSource       : HikariPool-1 - Starting...
2022-04-03 00:41:22.315  INFO 25255 --- [    Test worker] com.zaxxer.hikari.HikariDataSource       : HikariPool-1 - Start completed.
2022-04-03 00:41:22.480  INFO 25255 --- [    Test worker] o.hibernate.jpa.internal.util.LogHelper  : HHH000204: Processing PersistenceUnitInfo [
	name: default
	...]
2022-04-03 00:41:22.539  INFO 25255 --- [    Test worker] org.hibernate.Version                    : HHH000412: Hibernate Core {5.3.10.Final}
2022-04-03 00:41:22.541  INFO 25255 --- [    Test worker] org.hibernate.cfg.Environment            : HHH000206: hibernate.properties not found
2022-04-03 00:41:22.697  INFO 25255 --- [    Test worker] o.hibernate.annotations.common.Version   : HCANN000001: Hibernate Commons Annotations {5.0.4.Final}
2022-04-03 00:41:22.829  INFO 25255 --- [    Test worker] org.hibernate.dialect.Dialect            : HHH000400: Using dialect: org.hibernate.dialect.MySQL5InnoDBDialect
Hibernate: drop table if exists places
Hibernate: drop table if exists posts
Hibernate: drop table if exists user
Hibernate: create table places (id bigint not null auto_increment, address varchar(500) not null, categories varchar(500) not null, name varchar(500) not null, phone varchar(500) not null, url varchar(500) not null, primary key (id)) engine=InnoDB
Hibernate: create table posts (id bigint not null auto_increment, author varchar(255), content TEXT not null, title varchar(500) not null, primary key (id)) engine=InnoDB
Hibernate: create table user (id bigint not null auto_increment, birth varchar(255) not null, name varchar(255) not null, pet_name varchar(255) not null, pet_picture varchar(255), type varchar(255) not null, user_picture varchar(255), primary key (id)) engine=InnoDB
2022-04-03 00:41:23.553  INFO 25255 --- [    Test worker] o.h.t.schema.internal.SchemaCreatorImpl  : HHH000476: Executing import script 'org.hibernate.tool.schema.internal.exec.ScriptSourceInputNonExistentImpl@3ed05f3f'
2022-04-03 00:41:23.557  INFO 25255 --- [    Test worker] j.LocalContainerEntityManagerFactoryBean : Initialized JPA EntityManagerFactory for persistence unit 'default'
2022-04-03 00:41:25.064  INFO 25255 --- [    Test worker] o.s.s.concurrent.ThreadPoolTaskExecutor  : Initializing ExecutorService 'applicationTaskExecutor'
2022-04-03 00:41:25.115  WARN 25255 --- [    Test worker] aWebConfiguration$JpaWebMvcConfiguration : spring.jpa.open-in-view is enabled by default. Therefore, database queries may be performed during view rendering. Explicitly configure spring.jpa.open-in-view to disable this warning
2022-04-03 00:41:25.325  WARN 25255 --- [    Test worker] o.s.b.a.m.MustacheAutoConfiguration      : Cannot find template location: classpath:/templates/ (please add some templates, check your Mustache configuration, or set spring.mustache.check-template-location=false)
2022-04-03 00:41:25.613  INFO 25255 --- [    Test worker] p.domain.posts.PostsRepositoryTest       : Started PostsRepositoryTest in 6.538 seconds (JVM running for 7.942)
Hibernate: insert into posts (author, content, title) values (?, ?, ?)
2022-04-03 00:41:25.856  INFO 25255 --- [    Test worker] o.h.h.i.QueryTranslatorFactoryInitiator  : HHH000397: Using ASTQueryTranslatorFactory
Hibernate: select posts0_.id as id1_1_, posts0_.author as author2_1_, posts0_.content as content3_1_, posts0_.title as title4_1_ from posts posts0_
Hibernate: select posts0_.id as id1_1_, posts0_.author as author2_1_, posts0_.content as content3_1_, posts0_.title as title4_1_ from posts posts0_
Hibernate: delete from posts where id=?
]]></system-out>
  <system-err><![CDATA[]]></system-err>
</testsuite>
